<?xml version="1.0" encoding="UTF-8"?>
<!-- Generated by org.testng.reporters.JUnitReportReporter -->
<testsuite hostname="ASHWIN_RAMTEKE" failures="0" tests="1" name="com.crm.qa.testcases.Manager_AddCustomer_test" time="7.096" errors="0" timestamp="2024-03-13T12:04:27 IST" skipped="0">
  <testcase classname="com.crm.qa.testcases.Manager_AddCustomer_test" name="verifyAddCustomerFunctionality" time="7.096"/>
  <system-out/>
</testsuite> <!-- com.crm.qa.testcases.Manager_AddCustomer_test -->
