<?xml version="1.0" encoding="UTF-8"?>
<!-- Generated by org.testng.reporters.JUnitReportReporter -->
<testsuite hostname="ASHWIN_RAMTEKE" failures="0" tests="1" name="com.crm.qa.testcases.Customer_Withdarw_test" time="9.845" errors="0" timestamp="2024-03-13T12:04:27 IST" skipped="0">
  <testcase classname="com.crm.qa.testcases.Customer_Withdarw_test" name="DepositCustomerTest" time="9.845"/>
  <system-out/>
</testsuite> <!-- com.crm.qa.testcases.Customer_Withdarw_test -->
