<?xml version="1.0" encoding="UTF-8"?>
<!-- Generated by org.testng.reporters.JUnitReportReporter -->
<testsuite hostname="ASHWIN_RAMTEKE" failures="0" tests="1" name="com.crm.qa.testcases.Customer_Transaction_test" time="11.393" errors="0" timestamp="2024-03-13T12:04:27 IST" skipped="0">
  <testcase classname="com.crm.qa.testcases.Customer_Transaction_test" name="DepositCustomerTest" time="11.393"/>
  <system-out/>
</testsuite> <!-- com.crm.qa.testcases.Customer_Transaction_test -->
