<?xml version="1.0" encoding="UTF-8"?>
<!-- Generated by org.testng.reporters.JUnitReportReporter -->
<testsuite hostname="ASHWIN_RAMTEKE" failures="0" tests="1" name="com.crm.qa.testcases.Customer_Deposit_test" time="12.105" errors="0" timestamp="2024-03-08T15:43:08 IST" skipped="0">
  <testcase classname="com.crm.qa.testcases.Customer_Deposit_test" name="DepositCustomerTest" time="12.105"/>
  <system-out/>
</testsuite> <!-- com.crm.qa.testcases.Customer_Deposit_test -->
