<?xml version="1.0" encoding="UTF-8"?>
<!-- Generated by org.testng.reporters.JUnitReportReporter -->
<testsuite hostname="ASHWIN_RAMTEKE" failures="0" tests="1" name="com.crm.qa.testcases.Manager_AddCustomer_test" time="4.011" errors="0" timestamp="2024-03-08T10:45:46 IST" skipped="0">
  <testcase classname="com.crm.qa.testcases.Manager_AddCustomer_test" name="verifyAddCustomerFunctionality" time="4.011"/>
  <system-out/>
</testsuite> <!-- com.crm.qa.testcases.Manager_AddCustomer_test -->
